<?xml version="1.0" encoding="UTF-8"?>
<testsuite name="com.kenzie.dynamodbscan.icecream.Phase2Test" tests="2" skipped="0" failures="0" errors="0" timestamp="2022-08-04T21:55:51" hostname="Nicholes-MacBook-Pro.local" time="2.548">
  <properties/>
  <testcase name="getReceipts_firstPage_returnsListSizeEqualToLimit()" classname="com.kenzie.dynamodbscan.icecream.Phase2Test" time="2.146"/>
  <testcase name="getReceipts_allResults_resultsContainNewlyCreatedReceipts()" classname="com.kenzie.dynamodbscan.icecream.Phase2Test" time="0.401"/>
  <system-out><![CDATA[]]></system-out>
  <system-err><![CDATA[]]></system-err>
</testsuite>
