<?xml version="1.0" encoding="UTF-8"?>
<testsuite name="com.kenzie.dynamodbscan.icecream.Phase0Test" tests="2" skipped="0" failures="0" errors="0" timestamp="2022-08-04T21:10:14" hostname="Nicholes-MacBook-Pro.local" time="1.235">
  <properties/>
  <testcase name="[1] DynamoDBScan-Receipts" classname="com.kenzie.dynamodbscan.icecream.Phase0Test" time="0.808"/>
  <testcase name="orderSundae_succeeds()" classname="com.kenzie.dynamodbscan.icecream.Phase0Test" time="0.423"/>
  <system-out><![CDATA[]]></system-out>
  <system-err><![CDATA[]]></system-err>
</testsuite>
